# JRE version: Java(TM) SE Runtime Environment (8.0_60-b27) (build 1.8.0_60-b27)
# Java VM: Java HotSpot(TM) 64-Bit Server VM (25.60-b23 mixed mode linux-amd64 compressed oops)
Heap:
 PSYoungGen      total 476160K, used 289632K [0x00000000d6e00000, 0x00000000faa80000, 0x0000000100000000)
  eden space 380416K, 61% used [0x00000000d6e00000,0x00000000e5124fe8,0x00000000ee180000)
  from space 95744K, 59% used [0x00000000f4d00000,0x00000000f84b32b8,0x00000000faa80000)
  to   space 102912K, 0% used [0x00000000ee180000,0x00000000ee180000,0x00000000f4600000)
 ParOldGen       total 246272K, used 124966K [0x0000000084a00000, 0x0000000093a80000, 0x00000000d6e00000)
  object space 246272K, 50% used [0x0000000084a00000,0x000000008c4098e0,0x0000000093a80000)
 Metaspace       used 490056K, capacity 494834K, committed 496556K, reserved 1478656K
  class space    used 64777K, capacity 66318K, committed 66516K, reserved 1048576K
GC Heap History (10 events):
Event: 83384.435 GC heap before
{Heap before GC invocations=63 (full 7):
 PSYoungGen      total 375296K, used 270336K [0x00000000d6e00000, 0x00000000f6d00000, 0x0000000100000000)
  eden space 270336K, 100% used [0x00000000d6e00000,0x00000000e7600000,0x00000000e7600000)
  from space 104960K, 0% used [0x00000000e7600000,0x00000000e7600000,0x00000000edc80000)
  to   space 105984K, 0% used [0x00000000f0580000,0x00000000f0580000,0x00000000f6d00000)
 ParOldGen       total 246272K, used 124934K [0x0000000084a00000, 0x0000000093a80000, 0x00000000d6e00000)
  object space 246272K, 50% used [0x0000000084a00000,0x000000008c4018e0,0x0000000093a80000)
 Metaspace       used 453642K, capacity 457780K, committed 459948K, reserved 1447936K
  class space    used 59897K, capacity 61329K, committed 61652K, reserved 1048576K
Event: 83384.470 GC heap after
Heap after GC invocations=63 (full 7):
 PSYoungGen      total 414208K, used 38192K [0x00000000d6e00000, 0x00000000f7300000, 0x0000000100000000)
  eden space 308224K, 0% used [0x00000000d6e00000,0x00000000d6e00000,0x00000000e9b00000)
  from space 105984K, 36% used [0x00000000f0580000,0x00000000f2acc378,0x00000000f6d00000)
  to   space 109056K, 0% used [0x00000000e9b00000,0x00000000e9b00000,0x00000000f0580000)
 ParOldGen       total 246272K, used 124934K [0x0000000084a00000, 0x0000000093a80000, 0x00000000d6e00000)
  object space 246272K, 50% used [0x0000000084a00000,0x000000008c4018e0,0x0000000093a80000)
 Metaspace       used 453642K, capacity 457780K, committed 459948K, reserved 1447936K
  class space    used 59897K, capacity 61329K, committed 61652K, reserved 1048576K
}
Event: 83390.770 GC heap before
{Heap before GC invocations=64 (full 7):
 PSYoungGen      total 414208K, used 346416K [0x00000000d6e00000, 0x00000000f7300000, 0x0000000100000000)
  eden space 308224K, 100% used [0x00000000d6e00000,0x00000000e9b00000,0x00000000e9b00000)
  from space 105984K, 36% used [0x00000000f0580000,0x00000000f2acc378,0x00000000f6d00000)
  to   space 109056K, 0% used [0x00000000e9b00000,0x00000000e9b00000,0x00000000f0580000)
 ParOldGen       total 246272K, used 124934K [0x0000000084a00000, 0x0000000093a80000, 0x00000000d6e00000)
  object space 246272K, 50% used [0x0000000084a00000,0x000000008c4018e0,0x0000000093a80000)
 Metaspace       used 463535K, capacity 467728K, committed 469676K, reserved 1456128K
  class space    used 61212K, capacity 62656K, committed 62932K, reserved 1048576K
Event: 83390.801 GC heap after
Heap after GC invocations=64 (full 7):
 PSYoungGen      total 417280K, used 50105K [0x00000000d6e00000, 0x00000000f9980000, 0x0000000100000000)
  eden space 308224K, 0% used [0x00000000d6e00000,0x00000000d6e00000,0x00000000e9b00000)
  from space 109056K, 45% used [0x00000000e9b00000,0x00000000ecbee418,0x00000000f0580000)
  to   space 109056K, 0% used [0x00000000f2f00000,0x00000000f2f00000,0x00000000f9980000)
 ParOldGen       total 246272K, used 124942K [0x0000000084a00000, 0x0000000093a80000, 0x00000000d6e00000)
  object space 246272K, 50% used [0x0000000084a00000,0x000000008c4038e0,0x0000000093a80000)
 Metaspace       used 463535K, capacity 467728K, committed 469676K, reserved 1456128K
  class space    used 61212K, capacity 62656K, committed 62932K, reserved 1048576K
}
Event: 84001.384 GC heap before
{Heap before GC invocations=65 (full 7):
 PSYoungGen      total 417280K, used 358329K [0x00000000d6e00000, 0x00000000f9980000, 0x0000000100000000)
  eden space 308224K, 100% used [0x00000000d6e00000,0x00000000e9b00000,0x00000000e9b00000)
  from space 109056K, 45% used [0x00000000e9b00000,0x00000000ecbee418,0x00000000f0580000)
  to   space 109056K, 0% used [0x00000000f2f00000,0x00000000f2f00000,0x00000000f9980000)
 ParOldGen       total 246272K, used 124942K [0x0000000084a00000, 0x0000000093a80000, 0x00000000d6e00000)
  object space 246272K, 50% used [0x0000000084a00000,0x000000008c4038e0,0x0000000093a80000)
 Metaspace       used 471797K, capacity 476102K, committed 477996K, reserved 1464320K
  class space    used 62338K, capacity 63822K, committed 64084K, reserved 1048576K
Event: 84001.425 GC heap after
Heap after GC invocations=65 (full 7):
 PSYoungGen      total 448512K, used 52353K [0x00000000d6e00000, 0x00000000f9280000, 0x0000000100000000)
  eden space 346624K, 0% used [0x00000000d6e00000,0x00000000d6e00000,0x00000000ec080000)
  from space 101888K, 51% used [0x00000000f2f00000,0x00000000f6220598,0x00000000f9280000)
  to   space 107520K, 0% used [0x00000000ec080000,0x00000000ec080000,0x00000000f2980000)
 ParOldGen       total 246272K, used 124950K [0x0000000084a00000, 0x0000000093a80000, 0x00000000d6e00000)
  object space 246272K, 50% used [0x0000000084a00000,0x000000008c4058e0,0x0000000093a80000)
 Metaspace       used 471797K, capacity 476102K, committed 477996K, reserved 1464320K
  class space    used 62338K, capacity 63822K, committed 64084K, reserved 1048576K
}
Event: 88121.094 GC heap before
{Heap before GC invocations=66 (full 7):
 PSYoungGen      total 448512K, used 398977K [0x00000000d6e00000, 0x00000000f9280000, 0x0000000100000000)
  eden space 346624K, 100% used [0x00000000d6e00000,0x00000000ec080000,0x00000000ec080000)
  from space 101888K, 51% used [0x00000000f2f00000,0x00000000f6220598,0x00000000f9280000)
  to   space 107520K, 0% used [0x00000000ec080000,0x00000000ec080000,0x00000000f2980000)
 ParOldGen       total 246272K, used 124950K [0x0000000084a00000, 0x0000000093a80000, 0x00000000d6e00000)
  object space 246272K, 50% used [0x0000000084a00000,0x000000008c4058e0,0x0000000093a80000)
 Metaspace       used 480143K, capacity 484564K, committed 486572K, reserved 1470464K
  class space    used 63455K, capacity 64966K, committed 65236K, reserved 1048576K
Event: 88121.129 GC heap after
Heap after GC invocations=66 (full 7):
 PSYoungGen      total 454144K, used 56443K [0x00000000d6e00000, 0x00000000fb400000, 0x0000000100000000)
  eden space 346624K, 0% used [0x00000000d6e00000,0x00000000d6e00000,0x00000000ec080000)
  from space 107520K, 52% used [0x00000000ec080000,0x00000000ef79eec0,0x00000000f2980000)
  to   space 105472K, 0% used [0x00000000f4d00000,0x00000000f4d00000,0x00000000fb400000)
 ParOldGen       total 246272K, used 124958K [0x0000000084a00000, 0x0000000093a80000, 0x00000000d6e00000)
  object space 246272K, 50% used [0x0000000084a00000,0x000000008c4078e0,0x0000000093a80000)
 Metaspace       used 480143K, capacity 484564K, committed 486572K, reserved 1470464K
  class space    used 63455K, capacity 64966K, committed 65236K, reserved 1048576K
}
Event: 88444.052 GC heap before
{Heap before GC invocations=67 (full 7):
 PSYoungGen      total 454144K, used 403067K [0x00000000d6e00000, 0x00000000fb400000, 0x0000000100000000)
  eden space 346624K, 100% used [0x00000000d6e00000,0x00000000ec080000,0x00000000ec080000)
  from space 107520K, 52% used [0x00000000ec080000,0x00000000ef79eec0,0x00000000f2980000)
  to   space 105472K, 0% used [0x00000000f4d00000,0x00000000f4d00000,0x00000000fb400000)
 ParOldGen       total 246272K, used 124958K [0x0000000084a00000, 0x0000000093a80000, 0x00000000d6e00000)
  object space 246272K, 50% used [0x0000000084a00000,0x000000008c4078e0,0x0000000093a80000)
 Metaspace       used 488708K, capacity 493380K, committed 495148K, reserved 1478656K
  class space    used 64601K, capacity 66144K, committed 66388K, reserved 1048576K
Event: 88444.111 GC heap after
Heap after GC invocations=67 (full 7):
 PSYoungGen      total 476160K, used 57036K [0x00000000d6e00000, 0x00000000faa80000, 0x0000000100000000)
  eden space 380416K, 0% used [0x00000000d6e00000,0x00000000d6e00000,0x00000000ee180000)
  from space 95744K, 59% used [0x00000000f4d00000,0x00000000f84b32b8,0x00000000faa80000)
  to   space 102912K, 0% used [0x00000000ee180000,0x00000000ee180000,0x00000000f4600000)
 ParOldGen       total 246272K, used 124966K [0x0000000084a00000, 0x0000000093a80000, 0x00000000d6e00000)
  object space 246272K, 50% used [0x0000000084a00000,0x000000008c4098e0,0x0000000093a80000)
 Metaspace       used 488708K, capacity 493380K, committed 495148K, reserved 1478656K
  class space    used 64601K, capacity 66144K, committed 66388K, reserved 1048576K
}

