# JRE version: Java(TM) SE Runtime Environment (8.0_66-b17) (build 1.8.0_66-b17)
# Java VM: Java HotSpot(TM) 64-Bit Server VM (25.66-b17 mixed mode linux-amd64 compressed oops)
Heap:
 PSYoungGen      total 406016K, used 240571K [0x00000000d6e00000, 0x00000000f9280000, 0x0000000100000000)
  eden space 300032K, 65% used [0x00000000d6e00000,0x00000000e2dd7498,0x00000000e9300000)
  from space 105984K, 41% used [0x00000000e9300000,0x00000000ebe17a68,0x00000000efa80000)
  to   space 108032K, 0% used [0x00000000f2900000,0x00000000f2900000,0x00000000f9280000)
 ParOldGen       total 267264K, used 149805K [0x0000000084a00000, 0x0000000094f00000, 0x00000000d6e00000)
  object space 267264K, 56% used [0x0000000084a00000,0x000000008dc4b638,0x0000000094f00000)
 Metaspace       used 462587K, capacity 466358K, committed 466860K, reserved 1454080K
  class space    used 60754K, capacity 61625K, committed 61696K, reserved 1048576K
GC Heap History (10 events):
Event: 16320.444 GC heap before
{Heap before GC invocations=54 (full 6):
 PSYoungGen      total 404992K, used 404847K [0x00000000d6e00000, 0x00000000f7e80000, 0x0000000100000000)
  eden space 323072K, 100% used [0x00000000d6e00000,0x00000000ea980000,0x00000000ea980000)
  from space 81920K, 99% used [0x00000000eb600000,0x00000000f05dbc00,0x00000000f0600000)
  to   space 109056K, 0% used [0x00000000f1400000,0x00000000f1400000,0x00000000f7e80000)
 ParOldGen       total 217600K, used 101405K [0x0000000084a00000, 0x0000000091e80000, 0x00000000d6e00000)
  object space 217600K, 46% used [0x0000000084a00000,0x000000008ad07628,0x0000000091e80000)
 Metaspace       used 440167K, capacity 444568K, committed 444876K, reserved 1435648K
  class space    used 57733K, capacity 58578K, committed 58624K, reserved 1048576K
Event: 16320.512 GC heap after
Heap after GC invocations=54 (full 6):
 PSYoungGen      total 407552K, used 82969K [0x00000000d6e00000, 0x00000000f7200000, 0x0000000100000000)
  eden space 311296K, 0% used [0x00000000d6e00000,0x00000000d6e00000,0x00000000e9e00000)
  from space 96256K, 86% used [0x00000000f1400000,0x00000000f65065c8,0x00000000f7200000)
  to   space 108544K, 0% used [0x00000000e9e00000,0x00000000e9e00000,0x00000000f0800000)
 ParOldGen       total 217600K, used 103901K [0x0000000084a00000, 0x0000000091e80000, 0x00000000d6e00000)
  object space 217600K, 47% used [0x0000000084a00000,0x000000008af776a8,0x0000000091e80000)
 Metaspace       used 440167K, capacity 444568K, committed 444876K, reserved 1435648K
  class space    used 57733K, capacity 58578K, committed 58624K, reserved 1048576K
}
Event: 16383.926 GC heap before
{Heap before GC invocations=55 (full 6):
 PSYoungGen      total 407552K, used 394265K [0x00000000d6e00000, 0x00000000f7200000, 0x0000000100000000)
  eden space 311296K, 100% used [0x00000000d6e00000,0x00000000e9e00000,0x00000000e9e00000)
  from space 96256K, 86% used [0x00000000f1400000,0x00000000f65065c8,0x00000000f7200000)
  to   space 108544K, 0% used [0x00000000e9e00000,0x00000000e9e00000,0x00000000f0800000)
 ParOldGen       total 217600K, used 103901K [0x0000000084a00000, 0x0000000091e80000, 0x00000000d6e00000)
  object space 217600K, 47% used [0x0000000084a00000,0x000000008af776a8,0x0000000091e80000)
 Metaspace       used 448738K, capacity 453264K, committed 453452K, reserved 1443840K
  class space    used 58877K, capacity 59743K, committed 59776K, reserved 1048576K
Event: 16384.059 GC heap after
Heap after GC invocations=55 (full 6):
 PSYoungGen      total 378368K, used 78152K [0x00000000d6e00000, 0x00000000f6200000, 0x0000000100000000)
  eden space 300032K, 0% used [0x00000000d6e00000,0x00000000d6e00000,0x00000000e9300000)
  from space 78336K, 99% used [0x00000000e9e00000,0x00000000eea52310,0x00000000eea80000)
  to   space 105984K, 0% used [0x00000000efa80000,0x00000000efa80000,0x00000000f6200000)
 ParOldGen       total 217600K, used 105423K [0x0000000084a00000, 0x0000000091e80000, 0x00000000d6e00000)
  object space 217600K, 48% used [0x0000000084a00000,0x000000008b0f3ec8,0x0000000091e80000)
 Metaspace       used 448738K, capacity 453264K, committed 453452K, reserved 1443840K
  class space    used 58877K, capacity 59743K, committed 59776K, reserved 1048576K
}
Event: 16385.350 GC heap before
{Heap before GC invocations=56 (full 6):
 PSYoungGen      total 378368K, used 183381K [0x00000000d6e00000, 0x00000000f6200000, 0x0000000100000000)
  eden space 300032K, 35% used [0x00000000d6e00000,0x00000000dd4c32c8,0x00000000e9300000)
  from space 78336K, 99% used [0x00000000e9e00000,0x00000000eea52310,0x00000000eea80000)
  to   space 105984K, 0% used [0x00000000efa80000,0x00000000efa80000,0x00000000f6200000)
 ParOldGen       total 217600K, used 105423K [0x0000000084a00000, 0x0000000091e80000, 0x00000000d6e00000)
  object space 217600K, 48% used [0x0000000084a00000,0x000000008b0f3ec8,0x0000000091e80000)
 Metaspace       used 450649K, capacity 455204K, committed 455468K, reserved 1445888K
  class space    used 59140K, capacity 60006K, committed 60032K, reserved 1048576K
Event: 16385.419 GC heap after
Heap after GC invocations=56 (full 6):
 PSYoungGen      total 406016K, used 59242K [0x00000000d6e00000, 0x00000000f8d80000, 0x0000000100000000)
  eden space 300032K, 0% used [0x00000000d6e00000,0x00000000d6e00000,0x00000000e9300000)
  from space 105984K, 55% used [0x00000000efa80000,0x00000000f345ab60,0x00000000f6200000)
  to   space 105984K, 0% used [0x00000000e9300000,0x00000000e9300000,0x00000000efa80000)
 ParOldGen       total 217600K, used 107739K [0x0000000084a00000, 0x0000000091e80000, 0x00000000d6e00000)
  object space 217600K, 49% used [0x0000000084a00000,0x000000008b336f08,0x0000000091e80000)
 Metaspace       used 450649K, capacity 455204K, committed 455468K, reserved 1445888K
  class space    used 59140K, capacity 60006K, committed 60032K, reserved 1048576K
}
Event: 16385.419 GC heap before
{Heap before GC invocations=57 (full 7):
 PSYoungGen      total 406016K, used 59242K [0x00000000d6e00000, 0x00000000f8d80000, 0x0000000100000000)
  eden space 300032K, 0% used [0x00000000d6e00000,0x00000000d6e00000,0x00000000e9300000)
  from space 105984K, 55% used [0x00000000efa80000,0x00000000f345ab60,0x00000000f6200000)
  to   space 105984K, 0% used [0x00000000e9300000,0x00000000e9300000,0x00000000efa80000)
 ParOldGen       total 217600K, used 107739K [0x0000000084a00000, 0x0000000091e80000, 0x00000000d6e00000)
  object space 217600K, 49% used [0x0000000084a00000,0x000000008b336f08,0x0000000091e80000)
 Metaspace       used 450649K, capacity 455204K, committed 455468K, reserved 1445888K
  class space    used 59140K, capacity 60006K, committed 60032K, reserved 1048576K
Event: 16386.068 GC heap after
Heap after GC invocations=57 (full 7):
 PSYoungGen      total 406016K, used 0K [0x00000000d6e00000, 0x00000000f8d80000, 0x0000000100000000)
  eden space 300032K, 0% used [0x00000000d6e00000,0x00000000d6e00000,0x00000000e9300000)
  from space 105984K, 0% used [0x00000000efa80000,0x00000000efa80000,0x00000000f6200000)
  to   space 105984K, 0% used [0x00000000e9300000,0x00000000e9300000,0x00000000efa80000)
 ParOldGen       total 267264K, used 149797K [0x0000000084a00000, 0x0000000094f00000, 0x00000000d6e00000)
  object space 267264K, 56% used [0x0000000084a00000,0x000000008dc49638,0x0000000094f00000)
 Metaspace       used 450267K, capacity 453986K, committed 455468K, reserved 1445888K
  class space    used 59108K, capacity 59942K, committed 60032K, reserved 1048576K
}
Event: 16391.158 GC heap before
{Heap before GC invocations=58 (full 7):
 PSYoungGen      total 406016K, used 300032K [0x00000000d6e00000, 0x00000000f8d80000, 0x0000000100000000)
  eden space 300032K, 100% used [0x00000000d6e00000,0x00000000e9300000,0x00000000e9300000)
  from space 105984K, 0% used [0x00000000efa80000,0x00000000efa80000,0x00000000f6200000)
  to   space 105984K, 0% used [0x00000000e9300000,0x00000000e9300000,0x00000000efa80000)
 ParOldGen       total 267264K, used 149797K [0x0000000084a00000, 0x0000000094f00000, 0x00000000d6e00000)
  object space 267264K, 56% used [0x0000000084a00000,0x000000008dc49638,0x0000000094f00000)
 Metaspace       used 461150K, capacity 464952K, committed 465708K, reserved 1454080K
  class space    used 60551K, capacity 61395K, committed 61568K, reserved 1048576K
Event: 16391.188 GC heap after
Heap after GC invocations=58 (full 7):
 PSYoungGen      total 406016K, used 44126K [0x00000000d6e00000, 0x00000000f9280000, 0x0000000100000000)
  eden space 300032K, 0% used [0x00000000d6e00000,0x00000000d6e00000,0x00000000e9300000)
  from space 105984K, 41% used [0x00000000e9300000,0x00000000ebe17a68,0x00000000efa80000)
  to   space 108032K, 0% used [0x00000000f2900000,0x00000000f2900000,0x00000000f9280000)
 ParOldGen       total 267264K, used 149805K [0x0000000084a00000, 0x0000000094f00000, 0x00000000d6e00000)
  object space 267264K, 56% used [0x0000000084a00000,0x000000008dc4b638,0x0000000094f00000)
 Metaspace       used 461150K, capacity 464952K, committed 465708K, reserved 1454080K
  class space    used 60551K, capacity 61395K, committed 61568K, reserved 1048576K
}

